<?xml version="1.0" encoding="UTF-8"?>
<!-- Generated by org.testng.reporters.JUnitReportReporter -->
<testsuite name="exampleAnnotations.AnnotationOrder" tests="5" time="0.092" ignored="0" failures="0" timestamp="17 Apr 2019 12:42:11 GMT" skipped="0" hostname="Elena-PC" errors="0">
  <testcase name="testCase2" time="0.002" classname="exampleAnnotations.AnnotationOrder"/>
  <testcase name="testCase1" time="0.027" classname="exampleAnnotations.AnnotationOrder"/>
  <testcase name="testCase3" time="0.009" classname="exampleAnnotations.AnnotationOrder"/>
  <testcase name="testCase1" time="0.027" classname="exampleAnnotations.AnnotationOrder"/>
  <testcase name="testCase1" time="0.027" classname="exampleAnnotations.AnnotationOrder"/>
</testsuite> <!-- exampleAnnotations.AnnotationOrder -->
